<?xml version="1.0" encoding="UTF-8"?>
<!-- Generated by org.testng.reporters.JUnitReportReporter -->
<testsuite skipped="1" hostname="DESKTOP-7M67OUT" name="tests.UserCanLesson" tests="2" failures="0" timestamp="2021-10-10T18:40:56 EET" time="1.717" errors="0">
  <testcase name="StartSearchingOnNagwaLessons" time="1.717" classname="tests.UserCanLesson"/>
  <system-out/>
  <testcase name="UserCanEnterLesson" time="0.000" classname="tests.UserCanLesson">
    <skipped/>
  </testcase> <!-- UserCanEnterLesson -->
  <system-out/>
</testsuite> <!-- tests.UserCanLesson -->
