<?xml version="1.0" encoding="UTF-8"?>
<!-- Generated by org.testng.reporters.JUnitReportReporter -->
<testsuite hostname="windows-server-2016-1" failures="0" tests="1" name="tests.UserRegistrationTestWithDDTAndJSON" time="5.995" errors="0" timestamp="27 May 2018 18:52:03 GMT" skipped="0">
  <testcase classname="tests.UserRegistrationTestWithDDTAndJSON" name="UserCanRegisterSuccssfully" time="5.995"/>
</testsuite> <!-- tests.UserRegistrationTestWithDDTAndJSON -->
