<?xml version="1.0" encoding="UTF-8"?>
<!-- Generated by org.testng.reporters.JUnitReportReporter -->
<testsuite skipped="0" hostname="DESKTOP-7M67OUT" name="tests.AddProductReviewTest" tests="4" failures="0" timestamp="2021-09-03T14:51:40 EET" time="11.066" errors="0">
  <testcase name="UserCanRegisterSuccssfully" time="3.365" classname="tests.AddProductReviewTest"/>
  <system-out/>
  <testcase name="UserCanSearchWithAutoSuggest" time="3.776" classname="tests.AddProductReviewTest"/>
  <system-out/>
  <testcase name="RegisteredUserCanReviewProduct" time="2.035" classname="tests.AddProductReviewTest"/>
  <system-out/>
  <testcase name="RegisteredUserCanLogout" time="1.890" classname="tests.AddProductReviewTest"/>
  <system-out/>
</testsuite> <!-- tests.AddProductReviewTest -->
