<?xml version="1.0" encoding="UTF-8"?>
<!-- Generated by org.testng.reporters.JUnitReportReporter -->
<testsuite hostname="windows-server-2016-1" failures="0" tests="2" name="runner.TestRunner" time="24.946" errors="0" timestamp="02 Jun 2018 16:35:05 GMT" skipped="0">
  <testcase classname="runner.TestRunner" name="feature" time="18.332"/>
  <testcase classname="runner.TestRunner" name="feature" time="6.614"/>
</testsuite> <!-- runner.TestRunner -->
