<?xml version="1.0" encoding="UTF-8"?>
<!-- Generated by org.testng.reporters.JUnitReportReporter -->
<testsuite hostname="windows-server-2016-1" failures="0" tests="3" name="tests.UserRegistrationWithDDTAndPropertiesFile" time="5.325" errors="0" timestamp="27 May 2018 14:32:27 GMT" skipped="0">
  <testcase classname="tests.UserRegistrationWithDDTAndPropertiesFile" name="RegisteredUserCanLogout" time="1.008"/>
  <testcase classname="tests.UserRegistrationWithDDTAndPropertiesFile" name="RegisteredUserCanLogin" time="1.026"/>
  <testcase classname="tests.UserRegistrationWithDDTAndPropertiesFile" name="UserCanRegisterSuccssfully" time="3.291"/>
</testsuite> <!-- tests.UserRegistrationWithDDTAndPropertiesFile -->
