<?xml version="1.0" encoding="UTF-8"?>
<!-- Generated by org.testng.reporters.JUnitReportReporter -->
<testsuite hostname="windows-server-2016-1" failures="0" tests="2" name="tests.UserRegistrationWithDDTAndDataProvider" time="7.263" errors="0" timestamp="27 May 2018 13:14:14 GMT" skipped="0">
  <testcase classname="tests.UserRegistrationWithDDTAndDataProvider" name="UserCanRegisterSuccssfully" time="3.806"/>
  <testcase classname="tests.UserRegistrationWithDDTAndDataProvider" name="UserCanRegisterSuccssfully" time="3.457"/>
</testsuite> <!-- tests.UserRegistrationWithDDTAndDataProvider -->
