<?xml version="1.0" encoding="UTF-8"?>
<!-- Generated by org.testng.reporters.JUnitReportReporter -->
<testsuite hostname="windows-server-2016-1" failures="0" tests="5" name="tests.MyAccountTest" time="9.928" errors="0" timestamp="26 May 2018 18:28:01 GMT" skipped="0">
  <testcase classname="tests.MyAccountTest" name="UserCanRegisterSuccssfully" time="1.999"/>
  <testcase classname="tests.MyAccountTest" name="RegisteredUserCanChangePassword" time="3.892"/>
  <testcase classname="tests.MyAccountTest" name="RegisteredUserCanLogout" time="0.564"/>
  <testcase classname="tests.MyAccountTest" name="RegisteredUserCanLogin" time="3.025"/>
  <testcase classname="tests.MyAccountTest" name="UserLogout" time="0.448"/>
</testsuite> <!-- tests.MyAccountTest -->
