<?xml version="1.0" encoding="UTF-8"?>
<!-- Generated by org.testng.reporters.JUnitReportReporter -->
<testsuite hostname="windows-server-2016-1" failures="0" tests="1" name="tests.UserRegistrationTestWithDDTAndCSV" time="12.131" errors="0" timestamp="27 May 2018 16:36:54 GMT" skipped="0">
  <testcase classname="tests.UserRegistrationTestWithDDTAndCSV" name="UserCanRegisterSuccssfully" time="12.131"/>
</testsuite> <!-- tests.UserRegistrationTestWithDDTAndCSV -->
